NAT
8001
8433
8001E Sie koennen nicht weiter zurueck blaettern.
#-------------------------------------------------------------------------------
#TEXT:
#EXPL:
#ACTN:
#
8002E Bildschirm hat nur eine horizontale Anzeige
#-------------------------------------------------------------------------------
#TEXT:
#EXPL:
#ACTN:
#
8003E Ungueltiger Programm-Funktions-Schluessel
#-------------------------------------------------------------------------------
#TEXT:
#EXPL:
#ACTN:
#
8004E Ende der Daten erreicht, neuen Startwert eingeben
#-------------------------------------------------------------------------------
#TEXT:
#EXPL:
#ACTN:
#
8005E Ende der Daten erreicht
#-------------------------------------------------------------------------------
#TEXT:
#EXPL:
#ACTN:
#
8006E Ende der Datei erreicht
#-------------------------------------------------------------------------------
#TEXT:
#EXPL:
#ACTN:
#
8007E Schluessel ist kleiner als kleinster erlaubter Wert:1:
#-------------------------------------------------------------------------------
#TEXT:
#EXPL:
#ACTN:
#
8008E Schluessel ist groesser als groesster erlaubter Wert:1:
#-------------------------------------------------------------------------------
#TEXT:
#EXPL:
#ACTN:
#
8009E Satz wurde bereits von anderem Benutzer geloescht
#-------------------------------------------------------------------------------
#TEXT:
#EXPL:
#ACTN:
#
8010E Aenderung durch anderen Benutzer, bitte nochmal versuchen
#-------------------------------------------------------------------------------
#TEXT:
#EXPL:
#ACTN:
#
8011E :1:ist erforderlich
#-------------------------------------------------------------------------------
#TEXT:
#EXPL:
#ACTN:
#
8012E :1:existiert schon
#-------------------------------------------------------------------------------
#TEXT:
#EXPL:
#ACTN:
#
8013E Ungueltiger Aktionscode:1:
#-------------------------------------------------------------------------------
#TEXT:
#EXPL:
#ACTN:
#
8014E :1:existiert nicht
#-------------------------------------------------------------------------------
#TEXT:
#EXPL:
#ACTN:
#
8015E Maximaler Wert:1:erreicht
#-------------------------------------------------------------------------------
#TEXT:
#EXPL:
#ACTN:
#
8016E Eingabe eines gueltigen Selektionscodes zwischen 1 und:1:
#-------------------------------------------------------------------------------
#TEXT:
#EXPL:
#ACTN:
#
8017E Ungueltiger Code:1:ausgewaehlt
#-------------------------------------------------------------------------------
#TEXT:
#EXPL:
#ACTN:
#
8018E Es wurde kein Satz ausgesucht
#-------------------------------------------------------------------------------
#TEXT:
#EXPL:
#ACTN:
#
8019E Sie koennen nur bis zu:1:Saetze auswaehlen
#-------------------------------------------------------------------------------
#TEXT:
#EXPL:
#ACTN:
#
8020E Ungueltige Auswahl
#-------------------------------------------------------------------------------
#TEXT:
#EXPL:
#ACTN:
#
8021E Eingabe der Auswahl
#-------------------------------------------------------------------------------
#TEXT:
#EXPL:
#ACTN:
#
8022E Letzte(r):1:wurde wieder aufgerufen
#-------------------------------------------------------------------------------
#TEXT:
#EXPL:
#ACTN:
#
8023E :1:erfolgreich geloescht
#-------------------------------------------------------------------------------
#TEXT:
#EXPL:
#ACTN:
#
8024E :1:erfolgreich geandert
#-------------------------------------------------------------------------------
#TEXT:
#EXPL:
#ACTN:
#
8025E :1:erfolgreich hinzugefuegt
#-------------------------------------------------------------------------------
#TEXT:
#EXPL:
#ACTN:
#
8026E :1:erfolgreich angezeigt
#-------------------------------------------------------------------------------
#TEXT:
#EXPL:
#ACTN:
#
8027E Naechte(r):1:angezeigt
#-------------------------------------------------------------------------------
#TEXT:
#EXPL:
#ACTN:
#
8028E Eingabe der Aenderungen
#-------------------------------------------------------------------------------
#TEXT:
#EXPL:
#ACTN:
#
8029E Druecken Sie ENTER, um zu loeschen
#-------------------------------------------------------------------------------
#TEXT:
#EXPL:
#ACTN:
#
8030E Problem mit Programmlogik
#-------------------------------------------------------------------------------
#TEXT:
#EXPL:
#ACTN:
#
8031E Keine Aktion durchgefuehrt
#-------------------------------------------------------------------------------
#TEXT:
#EXPL:
#ACTN:
#
8032E Bildschirmwerte erfolgreich freigemacht
#-------------------------------------------------------------------------------
#TEXT:
#EXPL:
#ACTN:
#
8033E :1:enthaelt mehr als:2:Zeilen; kann nicht gelesen werden
#-------------------------------------------------------------------------------
#TEXT:
#EXPL:
#ACTN:
#
8034E Doppelte Eingabe in Zeile:1:gefunden
#-------------------------------------------------------------------------------
#TEXT:
#EXPL:
#ACTN:
#
8035E Zur Auswahl Cursor position., oder Bildschirmwert eingeben
#-------------------------------------------------------------------------------
#TEXT:
#EXPL:
#ACTN:
#
8036E Zuletzt angezeigte(r):1:wurde wieder aufgerufen
#-------------------------------------------------------------------------------
#TEXT:
#EXPL:
#ACTN:
#
8037E Zul. angezei.:1:wurde wieder aufgerufen, mit:2:hinzufueg.
#-------------------------------------------------------------------------------
#TEXT:
#EXPL:
#ACTN:
#
8038E Zeilenaktionen koennen nur mit ENTER ausgefuehrt werden
#-------------------------------------------------------------------------------
#TEXT:
#EXPL:
#ACTN:
#
8039E Markieren Sie gewuenschte Saetze mit einem beliebig. Zeichen
#-------------------------------------------------------------------------------
#TEXT:
#EXPL:
#ACTN:
#
8040E Funktion wurde mit:1:abgebrochen
#-------------------------------------------------------------------------------
#TEXT:
#EXPL:
#ACTN:
#
8041E PF-Key-Format erfolgreich festgelegt
#-------------------------------------------------------------------------------
#TEXT:
#EXPL:
#ACTN:
#
8042E Mit:1:beenden, oder Druecken Sie:2:, um mit:3:fortzufahren
#-------------------------------------------------------------------------------
#TEXT:
#EXPL:
#ACTN:
#
8043E PF-Key-Farben wurden erfolgreich festgelegt
#-------------------------------------------------------------------------------
#TEXT:
#EXPL:
#ACTN:
#
8044E Ungueltige Direktkommandodaten::3:
#-------------------------------------------------------------------------------
#TEXT:
#EXPL:
#ACTN:
#
8045E Gewuenschter Satz z.Zt. durch anderen Benutzer blockiert
#-------------------------------------------------------------------------------
#TEXT:
#EXPL:
#ACTN:
#
8046E :1:nur im Zusammenhang mit NATURAL-Fehler 3700
#-------------------------------------------------------------------------------
#TEXT:
#EXPL:
#ACTN:
#
8047E Programmeingabe durch Benutzer abgebrochen
#-------------------------------------------------------------------------------
#TEXT:
#EXPL:
#ACTN:
#
8048E Ungueltiges Passwort, bitte nochmal versuchen
#-------------------------------------------------------------------------------
#TEXT:
#EXPL:
#ACTN:
#
8049E Zu viele Passwortverstoesse, Zugriff nicht erlaubt
#-------------------------------------------------------------------------------
#TEXT:
#EXPL:
#ACTN:
#
8050E Ungueltige(r):1:-Parameter an:2:uebergeben, Wert::3:
#-------------------------------------------------------------------------------
#TEXT:
#EXPL:
#ACTN:
#
8051E Windowhoehe an kleinsten erlaubten Wert:1:angepasst
#-------------------------------------------------------------------------------
#TEXT:
#EXPL:
#ACTN:
#
8052E Window wurde an die vom Cursor markierte Hoehe angepasst
#-------------------------------------------------------------------------------
#TEXT:
#EXPL:
#ACTN:
#
8053E PF-Key-Zeilen wurden wie gewuenscht entfernt
#-------------------------------------------------------------------------------
#TEXT:
#EXPL:
#ACTN:
#
8054E Windowbasis wurde an die Cursorposition angepasst
#-------------------------------------------------------------------------------
#TEXT:
#EXPL:
#ACTN:
#
8055E Bildschirmueberschriften wie gewuenscht entfernt
#-------------------------------------------------------------------------------
#TEXT:
#EXPL:
#ACTN:
#
8056E Eingabe der Information, die hinzugefuegt werden soll
#-------------------------------------------------------------------------------
#TEXT:
#EXPL:
#ACTN:
#
8057E Geben Sie einen neuen Satz ein
#-------------------------------------------------------------------------------
#TEXT:
#EXPL:
#ACTN:
#
8058E Ungueltige Aktion, verwenden Sie eine der folgenden::1:
#-------------------------------------------------------------------------------
#TEXT:
#EXPL:
#ACTN:
#
8059E NATURAL-Fehler:1:trat in Zeile:2:von:3:auf
#-------------------------------------------------------------------------------
#TEXT:
#EXPL:
#ACTN:
#
8060E Dazugehoerige Information angezeigt.
#-------------------------------------------------------------------------------
#TEXT:
#EXPL:
#ACTN:
#
8061E Blaettern durchgefuehrt.
#-------------------------------------------------------------------------------
#TEXT:
#EXPL:
#ACTN:
#
8062E Naechste(r):1:angezeigt.
#-------------------------------------------------------------------------------
#TEXT:
#EXPL:
#ACTN:
#
8063E Versucht:1:zu loeschen/updaten; war nicht im Hold-Status.
#-------------------------------------------------------------------------------
#TEXT:
#EXPL:
#ACTN:
#
8064E Ungueltige:1:Funktion festgelegt::2:
#-------------------------------------------------------------------------------
#TEXT:
#EXPL:
#ACTN:
#
8065E :1:Identifizierung ist erforderlich.
#-------------------------------------------------------------------------------
#TEXT:
#EXPL:
#ACTN:
#
8066E :1::2:nicht in Datei:3:gefunden
#-------------------------------------------------------------------------------
#TEXT:
#EXPL:
#ACTN:
#
8067E Datenintegritaetsfehler,:2:Auspr}gungen von:1:
#-------------------------------------------------------------------------------
#TEXT:
#EXPL:
#ACTN:
#
8068E Ungueltige Aktion:1:an:2:weitergegeben
#-------------------------------------------------------------------------------
#TEXT:
#EXPL:
#ACTN:
#
8069E Mindestens eine Auspr{gung von:2:ist erforderlich:3:
#-------------------------------------------------------------------------------
#TEXT:
#EXPL:
#ACTN:
#
8070E Mindestens:1:Auspr{gungen von:2:sind erforderlich:3:
#-------------------------------------------------------------------------------
#TEXT:
#EXPL:
#ACTN:
#
8071E :1::2:existiert noch in Datei:3:
#-------------------------------------------------------------------------------
#TEXT:
#EXPL:
#ACTN:
#
8072E Erweiterte Information angezeigt
#-------------------------------------------------------------------------------
#TEXT:
#EXPL:
#ACTN:
#
8073E Keine Records mit Praefix:1: fuer jetztigen Eingabe gefunden.
#-------------------------------------------------------------------------------
#TEXT:
#EXPL:
#ACTN:
#
8074E Keine Records fuer die jetztige Eingabe gefunden
#-------------------------------------------------------------------------------
#TEXT:
#EXPL:
#ACTN:
#
8075E :1:Saetze an Ausgabegeraet:2: gedruckt
#-------------------------------------------------------------------------------
#TEXT:
#EXPL:
#ACTN:
#
8076E Kein Hilfe-text vorhanden fuer den gewuenschten Object.
#-------------------------------------------------------------------------------
#TEXT:
#EXPL:
#ACTN:
#
8077E Eine (und nur eine) der moeglichen Formate spezifizieren
#-------------------------------------------------------------------------------
#TEXT:
#EXPL:
#ACTN:
#
8078E Eine (und nur eine) der moeglichen Zeile:1:Farben spezifizieren
#-------------------------------------------------------------------------------
#TEXT:
#EXPL:
#ACTN:
#
8079E Erforderlichen Parameter eingeben.
#-------------------------------------------------------------------------------
#TEXT:
#EXPL:
#ACTN:
#
8080E Eintrag fuer numerischen Feld ist nicht numerisch.
#-------------------------------------------------------------------------------
#TEXT:
#EXPL:
#ACTN:
#
8081E Abbruch-bearbeitung wurde widerrufen.
#-------------------------------------------------------------------------------
#TEXT:
#EXPL:
#ACTN:
#
8082E Gueltigen Action-code:1:zum Beschreiben eingeben.
#-------------------------------------------------------------------------------
#TEXT:
#EXPL:
#ACTN:
#
8083E     **** ACTION VALUE HILFE ****
#-------------------------------------------------------------------------------
#TEXT:
#EXPL:
#ACTN:
#
8084E Fuer Program Hilfe, "Hilfe" drckn. mit Cursor nicht in Eingb-feld
#-------------------------------------------------------------------------------
#TEXT:
#EXPL:
#ACTN:
#
8086E Action zum Beschreiben eingeben
#-------------------------------------------------------------------------------
#TEXT:
#EXPL:
#ACTN:
#
8087E Ungueltige Parameter an Hilfe-routine weitergeleitet.
#-------------------------------------------------------------------------------
#TEXT:
#EXPL:
#ACTN:
#
8088E ENTER druecken zum Fortsetzen
#-------------------------------------------------------------------------------
#TEXT:
#EXPL:
#ACTN:
#
8089E *** Keine geeignete erweiterte PREDICT Beschreibung gefunden ***
#-------------------------------------------------------------------------------
#TEXT:
#EXPL:
#ACTN:
#
8090E Hilfe Text Profil fehlt: PREDICT
#-------------------------------------------------------------------------------
#TEXT:
#EXPL:
#ACTN:
#
8091E Keine Felder zum Anzeigen auf diesem Schirm
#-------------------------------------------------------------------------------
#TEXT:
#EXPL:
#ACTN:
#
8092E Timestamp ungueltig - verwenden Sie YYYY-MM-DD-HH.MM.SS.NNNNN
#-------------------------------------------------------------------------------
#TEXT:
#EXPL:
#ACTN:
#
8093E Ungueltige Zeit eingegeben - Bitte Format HH.MM.SS verwenden
#-------------------------------------------------------------------------------
#TEXT:
#EXPL:
#ACTN:
#
8094E Ungueltiges Datum eingegeben - Bitte Format YYYY-MM-DD verwenden
#-------------------------------------------------------------------------------
#TEXT:
#EXPL:
#ACTN:
#
8095E Keine Saetze zum drucken
#-------------------------------------------------------------------------------
#TEXT:
#EXPL:
#ACTN:
#
8096E Bitte:1:druecken, um das Einfuegen zu bestaetigen
#-------------------------------------------------------------------------------
#TEXT:
#EXPL:
#ACTN:
#
8097E Bitte:1:druecken um das Aendern zu bestaetigen
#-------------------------------------------------------------------------------
#TEXT:
#EXPL:
#ACTN:
#
8099E Kein Fehlertext fuer Fehler:1:vorhanden
#-------------------------------------------------------------------------------
#TEXT:
#EXPL:
#ACTN:
#
8113E GERMAN ENTER START VALUE
#-------------------------------------------------------------------------------
#TEXT:
#EXPL:
#ACTN:
#
8300E Fuegen Sie einen Satz hinzu.
#-------------------------------------------------------------------------------
#TEXT:
#EXPL:
#ACTN:
#
8301E Zeigen Sie eine Werteliste an.
#-------------------------------------------------------------------------------
#TEXT:
#EXPL:
#ACTN:
#
8302E Loeschen Sie den Bildschirminhalt.
#-------------------------------------------------------------------------------
#TEXT:
#EXPL:
#ACTN:
#
8303E Zeigen Sie einen Satz an.
#-------------------------------------------------------------------------------
#TEXT:
#EXPL:
#ACTN:
#
8304E Aendern Sie einen Satz.
#-------------------------------------------------------------------------------
#TEXT:
#EXPL:
#ACTN:
#
8305E Zeigen Sie den naechsten Satz an.
#-------------------------------------------------------------------------------
#TEXT:
#EXPL:
#ACTN:
#
8306E Loeschen Sie einen Satz.
#-------------------------------------------------------------------------------
#TEXT:
#EXPL:
#ACTN:
#
8307E Machen Sie das Loeschen eines Satzes rueckgaengig.
#-------------------------------------------------------------------------------
#TEXT:
#EXPL:
#ACTN:
#
8308E Aktion nicht bekannt.
#-------------------------------------------------------------------------------
#TEXT:
#EXPL:
#ACTN:
#
8309E **** Hilfe bei der Auswahl einer Aktion ****
#-------------------------------------------------------------------------------
#TEXT:
#EXPL:
#ACTN:
#
8310E Fuer Programmhilfe, druecken Sie "Hilfe", Cursor
#-------------------------------------------------------------------------------
#TEXT:
#EXPL:
#ACTN:
#
8311E darf nicht im Eingabefeld sein.
#-------------------------------------------------------------------------------
#TEXT:
#EXPL:
#ACTN:
#
8312E Bitte geben Sie die Aktion ein, welche beschrieben werden soll.
#-------------------------------------------------------------------------------
#TEXT:
#EXPL:
#ACTN:
#
8320E Seite
#-------------------------------------------------------------------------------
#TEXT:
#EXPL:
#ACTN:
#
8330E Aktion
#-------------------------------------------------------------------------------
#TEXT:
#EXPL:
#ACTN:
#
8331E ist erforderlich
#-------------------------------------------------------------------------------
#TEXT:
#EXPL:
#ACTN:
#
8340E Direktkommando
#-------------------------------------------------------------------------------
#TEXT:
#EXPL:
#ACTN:
#
8350E Hilfekennung
#-------------------------------------------------------------------------------
#TEXT:
#EXPL:
#ACTN:
#
8351E Hilfe fuer
#-------------------------------------------------------------------------------
#TEXT:
#EXPL:
#ACTN:
#
8352E Parameter
#-------------------------------------------------------------------------------
#TEXT:
#EXPL:
#ACTN:
#
8353E Seite
#-------------------------------------------------------------------------------
#TEXT:
#EXPL:
#ACTN:
#
8354E Datei
#-------------------------------------------------------------------------------
#TEXT:
#EXPL:
#ACTN:
#
8355E Dateityp
#-------------------------------------------------------------------------------
#TEXT:
#EXPL:
#ACTN:
#
8356E Feld
#-------------------------------------------------------------------------------
#TEXT:
#EXPL:
#ACTN:
#
8357E Erweiterte Beschreibung aus PREDICT
#-------------------------------------------------------------------------------
#TEXT:
#EXPL:
#ACTN:
#
8358E Keine entsprechende PREDICT Hilfe gefunden
#-------------------------------------------------------------------------------
#TEXT:
#EXPL:
#ACTN:
#
8359E Hilfstextprofil f}r PREDICT fehlt
#-------------------------------------------------------------------------------
#TEXT:
#EXPL:
#ACTN:
#
8360E Ungueltiger Parameter in Helproutine
#-------------------------------------------------------------------------------
#TEXT:
#EXPL:
#ACTN:
#
8370E Hilfe
#-------------------------------------------------------------------------------
#TEXT:
#EXPL:
#ACTN:
#
8371E Beenden
#-------------------------------------------------------------------------------
#TEXT:
#EXPL:
#ACTN:
#
8372E R = Required (erforderlich)
#-------------------------------------------------------------------------------
#TEXT:
#EXPL:
#ACTN:
#
8373E O = Optional
#-------------------------------------------------------------------------------
#TEXT:
#EXPL:
#ACTN:
#
8374E Code:
#-------------------------------------------------------------------------------
#TEXT:
#EXPL:
#ACTN:
#
8380E Bestaetigung der Beendigung
#-------------------------------------------------------------------------------
#TEXT:
#EXPL:
#ACTN:
#
8381E wurde gedrueckt...
#-------------------------------------------------------------------------------
#TEXT:
#EXPL:
#ACTN:
#
8382E Druecken Sie
#-------------------------------------------------------------------------------
#TEXT:
#EXPL:
#ACTN:
#
8383E nochmals, um die Anwendung ganz zu verlassen
#-------------------------------------------------------------------------------
#TEXT:
#EXPL:
#ACTN:
#
8384E um fortzufahren
#-------------------------------------------------------------------------------
#TEXT:
#EXPL:
#ACTN:
#
8390E Ende der Daten
#-------------------------------------------------------------------------------
#TEXT:
#EXPL:
#ACTN:
#
8391E ANZEIGEN
#-------------------------------------------------------------------------------
#TEXT:
#EXPL:
#ACTN:
#
8400E Auswahl Eingeben
#-------------------------------------------------------------------------------
#TEXT:
#EXPL:
#ACTN:
#
8410E Hinzu/Sichten/Klaeren/Anzeigen/Aendern/Naechtes/Loeschen
#-------------------------------------------------------------------------------
#TEXT:
#EXPL:
#ACTN:
#
8411E Kopieren/Zurueck Rufen/Ersetzen/Waehlen/Detail/Translate
#-------------------------------------------------------------------------------
#TEXT:
#EXPL:
#ACTN:
#
8422E umsch.
#-------------------------------------------------------------------------------
#TEXT:
#EXPL:
#ACTN:
#
8430E hilfe/zurueck/abbr/hinzu/umsch/pos/ruckw
#-------------------------------------------------------------------------------
#TEXT:
#EXPL:
#ACTN:
#
8431E vorw/links/rechts/menu/druck/prof/OK
#-------------------------------------------------------------------------------
#TEXT:
#EXPL:
#ACTN:
#
8432E drucken
#-------------------------------------------------------------------------------
#TEXT:
#EXPL:
#ACTN:
#
8433E anwenden
#-------------------------------------------------------------------------------
#TEXT:
#EXPL:
#ACTN:
#
