NAT
8001
8433
8001E Se ha llegado al comienzo de la informaci-n solicitada
#-------------------------------------------------------------------------------
#TEXT:
#EXPL:
#ACTN:
#
8002E La pantalla tiene un solo pánel horizontal
#-------------------------------------------------------------------------------
#TEXT:
#EXPL:
#ACTN:
#
8003E Tecla inválida
#-------------------------------------------------------------------------------
#TEXT:
#EXPL:
#ACTN:
#
8004E Fin de datos. Tecleé clave para comenzar de nuevo la lectura
#-------------------------------------------------------------------------------
#TEXT:
#EXPL:
#ACTN:
#
8005E Se ha llegado al fin de datos.
#-------------------------------------------------------------------------------
#TEXT:
#EXPL:
#ACTN:
#
8006E Se ha llegado al fin de datos
#-------------------------------------------------------------------------------
#TEXT:
#EXPL:
#ACTN:
#
8007E La clave introducida está por debajo del rango permitido.
#-------------------------------------------------------------------------------
#TEXT:
#EXPL:
#ACTN:
#
8008E La clave introducida está por encima del rango permitido.
#-------------------------------------------------------------------------------
#TEXT:
#EXPL:
#ACTN:
#
8009E Eliminación en progreso, intente esta operacion de nuevo
#-------------------------------------------------------------------------------
#TEXT:
#EXPL:
#ACTN:
#
8010E Modificación en progreso, intente esta operacion de nuevo
#-------------------------------------------------------------------------------
#TEXT:
#EXPL:
#ACTN:
#
8011E :1: se requiere
#-------------------------------------------------------------------------------
#TEXT:
#EXPL:
#ACTN:
#
8012E :1: ya existe
#-------------------------------------------------------------------------------
#TEXT:
#EXPL:
#ACTN:
#
8013E Código de acción inválido:1:
#-------------------------------------------------------------------------------
#TEXT:
#EXPL:
#ACTN:
#
8014E :1: no existe
#-------------------------------------------------------------------------------
#TEXT:
#EXPL:
#ACTN:
#
8015E Se ha llegado al máximo valor de :1:
#-------------------------------------------------------------------------------
#TEXT:
#EXPL:
#ACTN:
#
8016E Tecleé un código de selección válido, entre 1 y :1:
#-------------------------------------------------------------------------------
#TEXT:
#EXPL:
#ACTN:
#
8017E Ha seleccionado un código inválido :1:
#-------------------------------------------------------------------------------
#TEXT:
#EXPL:
#ACTN:
#
8018E No se ha seleccionado ningún registro
#-------------------------------------------------------------------------------
#TEXT:
#EXPL:
#ACTN:
#
8019E Solo se puede seleccionar un máximo de :1: registros
#-------------------------------------------------------------------------------
#TEXT:
#EXPL:
#ACTN:
#
8020E Selección inválida
#-------------------------------------------------------------------------------
#TEXT:
#EXPL:
#ACTN:
#
8021E Seleccione una opción
#-------------------------------------------------------------------------------
#TEXT:
#EXPL:
#ACTN:
#
8022E Ultimo registro consultado:1:, traído de nuevo a la pantalla
#-------------------------------------------------------------------------------
#TEXT:
#EXPL:
#ACTN:
#
8023E :1:ha sido eliminado
#-------------------------------------------------------------------------------
#TEXT:
#EXPL:
#ACTN:
#
8024E :1:ha sido modificado
#-------------------------------------------------------------------------------
#TEXT:
#EXPL:
#ACTN:
#
8025E :1:ha sido añadido
#-------------------------------------------------------------------------------
#TEXT:
#EXPL:
#ACTN:
#
8026E :1: mostrado
#-------------------------------------------------------------------------------
#TEXT:
#EXPL:
#ACTN:
#
8027E Próximo:1: mostrado
#-------------------------------------------------------------------------------
#TEXT:
#EXPL:
#ACTN:
#
8028E Introduzca los cambios
#-------------------------------------------------------------------------------
#TEXT:
#EXPL:
#ACTN:
#
8029E Para eliminar el registro, presione la tecla ENTER
#-------------------------------------------------------------------------------
#TEXT:
#EXPL:
#ACTN:
#
8030E Hay un problema con la lógica del programa
#-------------------------------------------------------------------------------
#TEXT:
#EXPL:
#ACTN:
#
8031E No se ejecutó ninguna acción
#-------------------------------------------------------------------------------
#TEXT:
#EXPL:
#ACTN:
#
8032E Campos en la pantalla han sido inicializados.
#-------------------------------------------------------------------------------
#TEXT:
#EXPL:
#ACTN:
#
8033E :1:contiene mas de:2:lineas y no puede leerse
#-------------------------------------------------------------------------------
#TEXT:
#EXPL:
#ACTN:
#
8034E Linea:1:contiene un duplicado
#-------------------------------------------------------------------------------
#TEXT:
#EXPL:
#ACTN:
#
8035E Para seleccionar, coloque el cursor o tecleé un valor
#-------------------------------------------------------------------------------
#TEXT:
#EXPL:
#ACTN:
#
8036E Ultimo registro consultado:1: traído de nuevo a la pantalla
#-------------------------------------------------------------------------------
#TEXT:
#EXPL:
#ACTN:
#
8037E Ultimo registro:1:traído a la pantalla, Use:2: para añadir
#-------------------------------------------------------------------------------
#TEXT:
#EXPL:
#ACTN:
#
8038E Use sólo la tecla ENTER cuando especifique líneas de acción
#-------------------------------------------------------------------------------
#TEXT:
#EXPL:
#ACTN:
#
8039E Señale los registros a procesar con algún caracter(no espacio).
#-------------------------------------------------------------------------------
#TEXT:
#EXPL:
#ACTN:
#
8040E Se ha interrumpido la función con :1:
#-------------------------------------------------------------------------------
#TEXT:
#EXPL:
#ACTN:
#
8041E Ha sido aceptado el nuevo formato para las teclas de función
#-------------------------------------------------------------------------------
#TEXT:
#EXPL:
#ACTN:
#
8042E Presione:1:para terminar, :2:para continuar:3:
#-------------------------------------------------------------------------------
#TEXT:
#EXPL:
#ACTN:
#
8043E Aceptada la especificación de colores para las teclas de función
#-------------------------------------------------------------------------------
#TEXT:
#EXPL:
#ACTN:
#
8044E Comando directo inválido:3:
#-------------------------------------------------------------------------------
#TEXT:
#EXPL:
#ACTN:
#
8045E El registro solicitado está retenido por otro usuario
#-------------------------------------------------------------------------------
#TEXT:
#EXPL:
#ACTN:
#
8046E Error distinto de NATURAL 3700ocurrio en :1:
#-------------------------------------------------------------------------------
#TEXT:
#EXPL:
#ACTN:
#
8047E Programa interrumpido de acuerdo a solicitud del usuario
#-------------------------------------------------------------------------------
#TEXT:
#EXPL:
#ACTN:
#
8048E Clave de acceso inválida, trate otra vez.
#-------------------------------------------------------------------------------
#TEXT:
#EXPL:
#ACTN:
#
8049E Acceso no permitido. Ha intentado demasiadas veces.
#-------------------------------------------------------------------------------
#TEXT:
#EXPL:
#ACTN:
#
8050E Parámetro inválido:1: pasado a :2:, valor::3:
#-------------------------------------------------------------------------------
#TEXT:
#EXPL:
#ACTN:
#
8051E La altura de la ventana ha sido ajustada al mínimo permitido:1:
#-------------------------------------------------------------------------------
#TEXT:
#EXPL:
#ACTN:
#
8052E Altura de la ventana ajustada según lo indicado por el cursor
#-------------------------------------------------------------------------------
#TEXT:
#EXPL:
#ACTN:
#
8053E Líneas de las teclas de función borradas
#-------------------------------------------------------------------------------
#TEXT:
#EXPL:
#ACTN:
#
8054E Base de la ventana ajustada según lo indicado por el cursor
#-------------------------------------------------------------------------------
#TEXT:
#EXPL:
#ACTN:
#
8055E Los títulos de la pantalla han sido eliminados
#-------------------------------------------------------------------------------
#TEXT:
#EXPL:
#ACTN:
#
8056E Llene la información para el registro :1:
#-------------------------------------------------------------------------------
#TEXT:
#EXPL:
#ACTN:
#
8057E Introduzca el registro:1:
#-------------------------------------------------------------------------------
#TEXT:
#EXPL:
#ACTN:
#
8058E Acción inválida, introduzca uno de los valores siguientes:1:
#-------------------------------------------------------------------------------
#TEXT:
#EXPL:
#ACTN:
#
8059E Error NATURAL :1:ocurrió en la línea :2: de :3:
#-------------------------------------------------------------------------------
#TEXT:
#EXPL:
#ACTN:
#
8060E Información relacionada con este objecto ha sido mostrada
#-------------------------------------------------------------------------------
#TEXT:
#EXPL:
#ACTN:
#
8061E Se ha mostrado la página próxima/anterior
#-------------------------------------------------------------------------------
#TEXT:
#EXPL:
#ACTN:
#
8062E El:1:siguiente ha sido mostrado.
#-------------------------------------------------------------------------------
#TEXT:
#EXPL:
#ACTN:
#
8063E Se intento modificar/eliminar registro que no esta en hold.
#-------------------------------------------------------------------------------
#TEXT:
#EXPL:
#ACTN:
#
8064E Función inválida:1: especificada:2:
#-------------------------------------------------------------------------------
#TEXT:
#EXPL:
#ACTN:
#
8065E Se requiere clave de:1:
#-------------------------------------------------------------------------------
#TEXT:
#EXPL:
#ACTN:
#
8066E :1::2:no se encuentra en archivo:3:
#-------------------------------------------------------------------------------
#TEXT:
#EXPL:
#ACTN:
#
8067E Error de integridad de datos,:2:ocurrencias de:1:
#-------------------------------------------------------------------------------
#TEXT:
#EXPL:
#ACTN:
#
8068E Accion inválida:1:pasada a:2:
#-------------------------------------------------------------------------------
#TEXT:
#EXPL:
#ACTN:
#
8069E Se requiere:3: al menos 1 ocurrencia de:2:
#-------------------------------------------------------------------------------
#TEXT:
#EXPL:
#ACTN:
#
8070E Se requiere:3: al menos:1: ocurrencias de:2:
#-------------------------------------------------------------------------------
#TEXT:
#EXPL:
#ACTN:
#
8071E :1::2: todavia existen en archivo:3:
#-------------------------------------------------------------------------------
#TEXT:
#EXPL:
#ACTN:
#
8072E Ha sido mostrada información expandida
#-------------------------------------------------------------------------------
#TEXT:
#EXPL:
#ACTN:
#
8073E No se han encontrado registros con prefijo:1:
#-------------------------------------------------------------------------------
#TEXT:
#EXPL:
#ACTN:
#
8074E No se encontraron registros con este valor.
#-------------------------------------------------------------------------------
#TEXT:
#EXPL:
#ACTN:
#
8075E :1:registros impresos en :2:
#-------------------------------------------------------------------------------
#TEXT:
#EXPL:
#ACTN:
#
8076E No se ha especificado texto de ayuda para este objeto.
#-------------------------------------------------------------------------------
#TEXT:
#EXPL:
#ACTN:
#
8077E Especifique uno solo de los formatos posibles.
#-------------------------------------------------------------------------------
#TEXT:
#EXPL:
#ACTN:
#
8078E Especifique uno solo de los colores posibles (linea:1:).
#-------------------------------------------------------------------------------
#TEXT:
#EXPL:
#ACTN:
#
8079E Especifique el parámetro requerido.
#-------------------------------------------------------------------------------
#TEXT:
#EXPL:
#ACTN:
#
8080E Valor specificado para un campo numérico no es numérico.
#-------------------------------------------------------------------------------
#TEXT:
#EXPL:
#ACTN:
#
8081E Terminación interrumpida.
#-------------------------------------------------------------------------------
#TEXT:
#EXPL:
#ACTN:
#
8082E Especifique el código de actión:1: que va a describir.
#-------------------------------------------------------------------------------
#TEXT:
#EXPL:
#ACTN:
#
8083E     **** AYUDA DE CAMPO DE ACCIóN ****
#-------------------------------------------------------------------------------
#TEXT:
#EXPL:
#ACTN:
#
8084E Para obtener ayuda sobre este programa presione HELP cuando
#-------------------------------------------------------------------------------
#TEXT:
#EXPL:
#ACTN:
#
8085E el cursor no este en un campo de entrada.
#-------------------------------------------------------------------------------
#TEXT:
#EXPL:
#ACTN:
#
8086E Especifique la acción que desea describir.
#-------------------------------------------------------------------------------
#TEXT:
#EXPL:
#ACTN:
#
8087E Parámetro inválido ha sido pasado a la rutina de ayuda.
#-------------------------------------------------------------------------------
#TEXT:
#EXPL:
#ACTN:
#
8088E Presione ENTER para continuar.
#-------------------------------------------------------------------------------
#TEXT:
#EXPL:
#ACTN:
#
8089E *** No se encontró en PREDICT la descripción extendida ***
#-------------------------------------------------------------------------------
#TEXT:
#EXPL:
#ACTN:
#
8090E No se encontró profile para el texto de ayuda.
#-------------------------------------------------------------------------------
#TEXT:
#EXPL:
#ACTN:
#
8091E No existen valores para mostrar en esta pantalla.
#-------------------------------------------------------------------------------
#TEXT:
#EXPL:
#ACTN:
#
8092E Formato invólido. Use formato YYYY-MM-DD-HH.MM.SS.NNNNN
#-------------------------------------------------------------------------------
#TEXT:
#EXPL:
#ACTN:
#
8093E Formato inválido. Use formato HH.MM.SS
#-------------------------------------------------------------------------------
#TEXT:
#EXPL:
#ACTN:
#
8094E Formato inválido. Use formato YYYY-MM-DD
#-------------------------------------------------------------------------------
#TEXT:
#EXPL:
#ACTN:
#
8095E No hay registros para imprimir.
#-------------------------------------------------------------------------------
#TEXT:
#EXPL:
#ACTN:
#
8096E Presione:1:para confirmar la adición.
#-------------------------------------------------------------------------------
#TEXT:
#EXPL:
#ACTN:
#
8097E Presione:1: para confirmar modificación.
#-------------------------------------------------------------------------------
#TEXT:
#EXPL:
#ACTN:
#
8098E Barra de acción modificada, ninguna acción ejecutada.
#-------------------------------------------------------------------------------
#TEXT:
#EXPL:
#ACTN:
#
8099E No se encontro descripción para el error:1:
#-------------------------------------------------------------------------------
#TEXT:
#EXPL:
#ACTN:
#
8300E Crear un registro
#-------------------------------------------------------------------------------
#TEXT:
#EXPL:
#ACTN:
#
8301E Mostrar una lista.
#-------------------------------------------------------------------------------
#TEXT:
#EXPL:
#ACTN:
#
8302E Initializar los valores en pantalla.
#-------------------------------------------------------------------------------
#TEXT:
#EXPL:
#ACTN:
#
8303E Mostrar un registro.
#-------------------------------------------------------------------------------
#TEXT:
#EXPL:
#ACTN:
#
8304E Modificar un registro.
#-------------------------------------------------------------------------------
#TEXT:
#EXPL:
#ACTN:
#
8305E Mostrar el próximo registro.
#-------------------------------------------------------------------------------
#TEXT:
#EXPL:
#ACTN:
#
8306E Borrar un registro.
#-------------------------------------------------------------------------------
#TEXT:
#EXPL:
#ACTN:
#
8307E Recuperar un registro borrado.
#-------------------------------------------------------------------------------
#TEXT:
#EXPL:
#ACTN:
#
8308E Acción inválida.
#-------------------------------------------------------------------------------
#TEXT:
#EXPL:
#ACTN:
#
8309E     **** AYUDA DE CAMPO DE ACCION ****
#-------------------------------------------------------------------------------
#TEXT:
#EXPL:
#ACTN:
#
8310E Para mostrar información de ayuda, presione "HELP"
#-------------------------------------------------------------------------------
#TEXT:
#EXPL:
#ACTN:
#
8311E cuando el cursor no este en un campo de entrada.
#-------------------------------------------------------------------------------
#TEXT:
#EXPL:
#ACTN:
#
8312E Especifique la acción que desea describir
#-------------------------------------------------------------------------------
#TEXT:
#EXPL:
#ACTN:
#
8313E registro
#-------------------------------------------------------------------------------
#TEXT:
#EXPL:
#ACTN:
#
8320E Página
#-------------------------------------------------------------------------------
#TEXT:
#EXPL:
#ACTN:
#
8330E Acción
#-------------------------------------------------------------------------------
#TEXT:
#EXPL:
#ACTN:
#
8331E debe ser especificada
#-------------------------------------------------------------------------------
#TEXT:
#EXPL:
#ACTN:
#
8332E no puede ser
#-------------------------------------------------------------------------------
#TEXT:
#EXPL:
#ACTN:
#
8340E Comando directo
#-------------------------------------------------------------------------------
#TEXT:
#EXPL:
#ACTN:
#
8350E Id. de Ayuda
#-------------------------------------------------------------------------------
#TEXT:
#EXPL:
#ACTN:
#
8351E Ayuda de
#-------------------------------------------------------------------------------
#TEXT:
#EXPL:
#ACTN:
#
8352E Parámetro
#-------------------------------------------------------------------------------
#TEXT:
#EXPL:
#ACTN:
#
8353E Página
#-------------------------------------------------------------------------------
#TEXT:
#EXPL:
#ACTN:
#
8354E Archivo
#-------------------------------------------------------------------------------
#TEXT:
#EXPL:
#ACTN:
#
8355E Tipo de archivo
#-------------------------------------------------------------------------------
#TEXT:
#EXPL:
#ACTN:
#
8356E Campo
#-------------------------------------------------------------------------------
#TEXT:
#EXPL:
#ACTN:
#
8357E Descripción extendida en PREDICT
#-------------------------------------------------------------------------------
#TEXT:
#EXPL:
#ACTN:
#
8358E No existe una descripción extendida apropiada en PREDICT.
#-------------------------------------------------------------------------------
#TEXT:
#EXPL:
#ACTN:
#
8359E No existe profile para el texto de ayuda:
#-------------------------------------------------------------------------------
#TEXT:
#EXPL:
#ACTN:
#
8360E parámetro inválido(de PREDICT) pasado a la rutina de ayuda.
#-------------------------------------------------------------------------------
#TEXT:
#EXPL:
#ACTN:
#
8370E Ayuda
#-------------------------------------------------------------------------------
#TEXT:
#EXPL:
#ACTN:
#
8371E Terminar
#-------------------------------------------------------------------------------
#TEXT:
#EXPL:
#ACTN:
#
8372E R = Requerido
#-------------------------------------------------------------------------------
#TEXT:
#EXPL:
#ACTN:
#
8373E O = Opcional
#-------------------------------------------------------------------------------
#TEXT:
#EXPL:
#ACTN:
#
8374E Código:
#-------------------------------------------------------------------------------
#TEXT:
#EXPL:
#ACTN:
#
8380E CONFIRMACIóN DE TERMINACIóN
#-------------------------------------------------------------------------------
#TEXT:
#EXPL:
#ACTN:
#
8381E fue presionada...
#-------------------------------------------------------------------------------
#TEXT:
#EXPL:
#ACTN:
#
8382E Presione
#-------------------------------------------------------------------------------
#TEXT:
#EXPL:
#ACTN:
#
8383E de nuevo para salir de
#-------------------------------------------------------------------------------
#TEXT:
#EXPL:
#ACTN:
#
8384E para volver a la pantalla anterior
#-------------------------------------------------------------------------------
#TEXT:
#EXPL:
#ACTN:
#
8390E Fin de datos
#-------------------------------------------------------------------------------
#TEXT:
#EXPL:
#ACTN:
#
8391E MOSTRAR
#-------------------------------------------------------------------------------
#TEXT:
#EXPL:
#ACTN:
#
8400E Especifique selección
#-------------------------------------------------------------------------------
#TEXT:
#EXPL:
#ACTN:
#
8410E Crear/List/Inic/Most/Mod/Prox/Borrar
#-------------------------------------------------------------------------------
#TEXT:
#EXPL:
#ACTN:
#
8411E Copiar/Recup/Selec/Detalle
#-------------------------------------------------------------------------------
#TEXT:
#EXPL:
#ACTN:
#
8422E camb
#-------------------------------------------------------------------------------
#TEXT:
#EXPL:
#ACTN:
#
8430E ayud/retr/sald/crear/camb/clcar/prev
#-------------------------------------------------------------------------------
#TEXT:
#EXPL:
#ACTN:
#
8431E prox/isq/der/princ/inprm/pref/confm
#-------------------------------------------------------------------------------
#TEXT:
#EXPL:
#ACTN:
#
8432E impr
#-------------------------------------------------------------------------------
#TEXT:
#EXPL:
#ACTN:
#
8433E aplic
#-------------------------------------------------------------------------------
#TEXT:
#EXPL:
#ACTN:
#
