NAT
8001
9501
8001E Add/ADd/ADD a record                                 /+12/+12/+32
#-------------------------------------------------------------------------------
#TEXT:
#EXPL:
#ACTN:
#
8002E BROWSE/browse/Browse a list of records               /+12/+12/+32
#-------------------------------------------------------------------------------
#TEXT:
#EXPL:
#ACTN:
#
8003E CLEAR/clear/Clear contents from screen               /+12/+12/+32
#-------------------------------------------------------------------------------
#TEXT:
#EXPL:
#ACTN:
#
8004E COPY/copy/Copy existing record                       /+12/+12/+32
#-------------------------------------------------------------------------------
#TEXT:
#EXPL:
#ACTN:
#
8005E DETAIL/detail/Show record details                    /+12/+12/+32
#-------------------------------------------------------------------------------
#TEXT:
#EXPL:
#ACTN:
#
8006E DISPLAY/display/Display a record                     /+12/+12/+32
#-------------------------------------------------------------------------------
#TEXT:
#EXPL:
#ACTN:
#
8007E MODIFY/modify/Modify an existing record              /+12/+12/+32
#-------------------------------------------------------------------------------
#TEXT:
#EXPL:
#ACTN:
#
8008E NEXT/next/Display next record                        /+12/+12/+32
#-------------------------------------------------------------------------------
#TEXT:
#EXPL:
#ACTN:
#
8009E PURGE/purge/Purge a record                           /+12/+12/+32
#-------------------------------------------------------------------------------
#TEXT:
#EXPL:
#ACTN:
#
8010E RECALL/recall/Recall the purged record               /+12/+12/+32
#-------------------------------------------------------------------------------
#TEXT:
#EXPL:
#ACTN:
#
8011E REPLACE/replace/Replace the record                   /+12/+12/+32
#-------------------------------------------------------------------------------
#TEXT:
#EXPL:
#ACTN:
#
8012E SELECT/select/Select a record                        /+12/+12/+32
#-------------------------------------------------------------------------------
#TEXT:
#EXPL:
#ACTN:
#
8501E Object browse dialog template                                /+32
#-------------------------------------------------------------------------------
#TEXT:
#EXPL:
#ACTN:
#
8800E :1::2::3:Action Id                                           /+60
#-------------------------------------------------------------------------------
#TEXT:
#EXPL:
#ACTN:
#
9001E GET/get/Retrieve a record                            /+12/+12/+32
#-------------------------------------------------------------------------------
#TEXT:
#EXPL:
#ACTN:
#
9002E SKIP/skip/Skip a record                              /+12/+12/+32
#-------------------------------------------------------------------------------
#TEXT:
#EXPL:
#ACTN:
#
9501E User model template
#-------------------------------------------------------------------------------
#TEXT:
#EXPL:
#ACTN:
#
